# Server version 0.08 running on localhost:8123
# Game ID: 271
# Board class: pentago_twist.PentagoBoard
# Timeout: 20000
# First Move Timeout: 30000
# Date: Mon Apr 12 15:55:12 EDT 2021
# Player 1: Player-0, '260844079', running on localhost
# Player 2: Player-1, '260844079', running on localhost
START Player-0 260844079
START Player-1 260844079
0 0 0 0 0
0 0 0 0 1
0 0 0 0 0
0 0 0 0 1
0 1 0 0 0
0 1 0 0 1
0 1 0 0 0
0 1 0 0 1
0 3 0 0 0
0 4 0 0 1
0 5 0 0 0
1 1 0 0 1
1 3 0 0 0
1 4 0 0 1
1 5 0 0 0
2 3 0 0 1
2 5 1 0 0
GAMEOVER WINNER 0
# Game ended: Mon Apr 12 15:55:12 EDT 2021
