# Server version 0.08 running on 192.168.2.242:8123
# Game ID: 25
# Board class: pentago_twist.PentagoBoard
# Timeout: 20000
# First Move Timeout: 30000
# Date: Sat Apr 10 21:00:53 EDT 2021
# Player 1: Player-0, 'Random', running on 192.168.2.242
# Player 2: Player-1, '260844079', running on 192.168.2.242
START Player-0 Random
START Player-1 260844079
1 0 2 0 0
0 0 1 0 1
0 3 1 0 0
0 1 0 0 1
4 1 0 1 0
0 2 1 0 1
1 5 2 1 0
0 3 0 1 1
5 4 1 1 0
0 4 3 0 1
4 5 0 0 0
0 0 1 0 1
5 0 2 1 0
0 5 1 0 1
GAMEOVER WINNER 1
# Game ended: Sat Apr 10 21:01:05 EDT 2021
