# Server version 0.08 running on localhost:8123
# Game ID: 151
# Board class: pentago_twist.PentagoBoard
# Timeout: 20000
# First Move Timeout: 30000
# Date: Sun Apr 11 19:41:18 EDT 2021
# Player 1: Player-0, 'MonteCarloPlayer', running on localhost
# Player 2: Player-1, 'AlphaBetaPlayer', running on localhost
START Player-0 MonteCarloPlayer
START Player-1 AlphaBetaPlayer
0 0 0 0 0
0 0 0 0 1
0 0 0 1 0
0 1 0 0 1
0 1 0 0 0
0 0 0 0 1
0 3 3 0 0
0 1 0 0 1
0 4 1 0 0
0 3 0 0 1
1 0 2 1 0
0 4 0 0 1
1 1 0 1 0
1 3 0 0 1
3 1 2 1 0
1 4 0 0 1
2 5 1 0 0
GAMEOVER WINNER 0
# Game ended: Sun Apr 11 19:41:34 EDT 2021
