# Server version 0.08 running on 192.168.2.14:8123
# Game ID: 185
# Board class: pentago_twist.PentagoBoard
# Timeout: 20000
# First Move Timeout: 30000
# Date: Sun Apr 11 20:14:14 EDT 2021
# Player 1: Player-0, 'AlphaBetaPlayer', running on localhost
# Player 2: Player-1, 'MonteCarloPlayer', running on localhost
START Player-0 AlphaBetaPlayer
START Player-1 MonteCarloPlayer
0 0 0 0 0
0 0 1 1 1
0 1 0 0 0
0 0 0 0 1
0 0 0 0 0
0 3 3 0 1
0 1 0 0 0
0 4 1 1 1
0 3 0 0 0
1 0 0 0 1
1 1 0 0 0
1 5 1 1 1
1 4 0 0 0
1 0 1 1 1
1 3 0 0 0
2 3 3 0 1
2 4 0 0 0
2 5 3 0 1
3 0 0 0 0
3 1 0 0 1
3 2 0 0 0
4 0 1 0 1
3 3 0 0 0
3 4 2 0 1
3 0 0 0 0
GAMEOVER WINNER 1
# Game ended: Sun Apr 11 20:14:37 EDT 2021
