# Server version 0.08 running on localhost:8123
# Game ID: 222
# Board class: pentago_twist.PentagoBoard
# Timeout: 20000
# First Move Timeout: 30000
# Date: Mon Apr 12 10:49:51 EDT 2021
# Player 1: Player-0, 'AlphaBetaPlayer', running on localhost
# Player 2: Player-1, 'MonteCarloPlayer', running on localhost
START Player-0 AlphaBetaPlayer
START Player-1 MonteCarloPlayer
0 0 0 0 0
0 0 0 1 1
0 1 0 0 0
0 0 3 0 1
0 1 0 0 0
0 0 0 1 1
0 1 0 0 0
1 4 2 1 1
0 3 0 0 0
0 4 1 0 1
0 3 0 0 0
0 1 2 0 1
0 4 0 0 0
1 1 0 1 1
1 3 0 0 0
3 2 1 0 1
0 3 0 0 0
3 0 1 0 1
0 3 0 0 0
0 4 0 0 1
GAMEOVER WINNER 0
# Game ended: Mon Apr 12 10:50:10 EDT 2021
