# Server version 0.08 running on localhost:8123
# Game ID: 206
# Board class: pentago_twist.PentagoBoard
# Timeout: 20000
# First Move Timeout: 30000
# Date: Mon Apr 12 10:39:28 EDT 2021
# Player 1: Player-0, 'AlphaBetaPlayer', running on localhost
# Player 2: Player-1, 'MonteCarloPlayer', running on localhost
START Player-0 AlphaBetaPlayer
START Player-1 MonteCarloPlayer
0 0 0 0 0
0 0 0 0 1
0 0 0 0 0
0 0 1 0 1
0 1 0 0 0
0 1 0 1 1
0 3 0 0 0
0 4 3 0 1
0 5 0 0 0
0 1 0 0 1
0 1 0 0 0
1 3 0 0 1
1 1 0 0 0
1 4 1 1 1
1 3 0 0 0
2 3 2 1 1
2 4 0 0 0
2 5 0 0 1
3 0 0 0 0
3 1 2 1 1
3 0 0 0 0
3 3 0 0 1
3 4 0 0 0
3 5 1 1 1
4 0 0 0 0
4 1 2 0 1
3 0 0 0 0
4 0 0 0 1
4 3 0 0 0
4 4 2 0 1
3 0 0 0 0
4 0 0 0 1
4 5 0 0 0
GAMEOVER WINNER 1
# Game ended: Mon Apr 12 10:40:00 EDT 2021
