# Server version 0.08 running on localhost:8123
# Game ID: 86
# Board class: pentago_twist.PentagoBoard
# Timeout: 20000
# First Move Timeout: 30000
# Date: Sun Apr 11 11:55:49 EDT 2021
# Player 1: Player-0, 'RandomPlayer', running on localhost
# Player 2: Player-1, '260844079', running on localhost
START Player-0 RandomPlayer
START Player-1 260844079
1 0 2 0 0
0 0 2 0 1
0 3 1 0 0
0 1 2 0 1
4 1 0 1 0
0 0 1 1 1
2 0 2 1 0
0 4 3 0 1
5 4 1 1 0
0 3 0 1 1
GAMEOVER WINNER 1
# Game ended: Sun Apr 11 11:55:57 EDT 2021
