# Server version 0.08 running on 192.168.2.14:8123
# Game ID: 184
# Board class: pentago_twist.PentagoBoard
# Timeout: 20000
# First Move Timeout: 30000
# Date: Sun Apr 11 20:13:47 EDT 2021
# Player 1: Player-0, 'MonteCarloPlayer', running on localhost
# Player 2: Player-1, 'AlphaBetaPlayer', running on localhost
START Player-0 MonteCarloPlayer
START Player-1 AlphaBetaPlayer
0 0 0 0 0
0 0 0 0 1
0 0 0 1 0
0 1 0 0 1
0 1 0 1 0
0 3 0 0 1
0 4 0 0 0
0 0 0 0 1
0 1 3 0 0
0 5 0 0 1
1 4 0 0 0
1 0 0 0 1
1 1 2 0 0
1 3 0 0 1
1 5 0 0 0
2 3 0 0 1
2 5 1 1 0
2 4 0 0 1
3 0 1 1 0
3 1 0 0 1
3 2 2 0 0
3 0 0 0 1
3 1 3 0 0
3 3 0 0 1
3 4 1 0 0
GAMEOVER WINNER 1
# Game ended: Sun Apr 11 20:14:13 EDT 2021
