# Server version 0.08 running on localhost:8123
# Game ID: 223
# Board class: pentago_twist.PentagoBoard
# Timeout: 20000
# First Move Timeout: 30000
# Date: Mon Apr 12 10:50:12 EDT 2021
# Player 1: Player-0, 'MonteCarloPlayer', running on localhost
# Player 2: Player-1, 'AlphaBetaPlayer', running on localhost
START Player-0 MonteCarloPlayer
START Player-1 AlphaBetaPlayer
0 0 0 1 0
0 0 0 0 1
0 0 2 0 0
0 1 0 0 1
0 0 0 1 0
0 1 0 0 1
0 3 0 1 0
0 4 0 0 1
0 5 1 1 0
1 0 0 0 1
1 0 0 0 0
1 1 0 0 1
1 3 0 1 0
1 4 0 0 1
4 0 0 0 0
1 5 0 0 1
2 3 1 1 0
GAMEOVER WINNER 1
# Game ended: Mon Apr 12 10:50:30 EDT 2021
