# Server version 0.08 running on localhost:8123
# Game ID: 188
# Board class: pentago_twist.PentagoBoard
# Timeout: 20000
# First Move Timeout: 30000
# Date: Sun Apr 11 20:15:34 EDT 2021
# Player 1: Player-0, 'MonteCarloPlayer', running on localhost
# Player 2: Player-1, 'AlphaBetaPlayer', running on localhost
START Player-0 MonteCarloPlayer
START Player-1 AlphaBetaPlayer
0 0 1 0 0
0 1 0 0 1
0 1 1 0 0
0 0 0 0 1
0 0 0 1 0
0 1 0 0 1
0 3 1 0 0
0 3 0 0 1
0 0 1 0 0
0 3 0 0 1
0 1 0 1 0
0 4 0 0 1
1 1 0 1 0
1 3 0 0 1
1 4 1 0 0
0 3 0 0 1
3 1 1 0 0
0 4 0 0 1
3 3 0 1 0
1 3 0 0 1
3 0 0 0 0
3 2 0 0 1
3 4 0 0 0
3 5 0 0 1
4 2 3 0 0
3 3 0 0 1
3 4 3 0 0
3 3 0 0 1
3 4 0 1 0
GAMEOVER WINNER 1
# Game ended: Sun Apr 11 20:16:04 EDT 2021
