# Server version 0.08 running on localhost:8123
# Game ID: 213
# Board class: pentago_twist.PentagoBoard
# Timeout: 20000
# First Move Timeout: 30000
# Date: Mon Apr 12 10:42:44 EDT 2021
# Player 1: Player-0, 'MonteCarloPlayer', running on localhost
# Player 2: Player-1, 'AlphaBetaPlayer', running on localhost
START Player-0 MonteCarloPlayer
START Player-1 AlphaBetaPlayer
0 0 1 1 0
0 1 0 0 1
0 0 0 1 0
0 1 0 0 1
0 0 0 1 0
0 3 0 0 1
0 4 1 0 0
0 3 0 0 1
0 1 1 1 0
0 0 0 0 1
0 1 0 0 0
0 4 0 0 1
1 1 0 0 0
1 4 0 0 1
1 5 0 0 0
2 3 0 0 1
2 4 2 1 0
2 5 0 0 1
3 0 2 0 0
3 0 0 0 1
3 1 0 0 0
3 3 0 0 1
3 4 0 1 0
3 5 0 0 1
4 1 3 0 0
3 3 0 0 1
3 4 0 0 0
4 0 0 0 1
4 2 0 0 0
4 3 0 0 1
5 0 1 1 0
4 4 0 0 1
5 2 0 0 0
5 1 2 0 1
5 3 0 0 0
5 4 1 0 1
GAMEOVER DRAW
# Game ended: Mon Apr 12 10:43:20 EDT 2021
