# Server version 0.08 running on 192.168.2.14:8123
# Game ID: 180
# Board class: pentago_twist.PentagoBoard
# Timeout: 20000
# First Move Timeout: 30000
# Date: Sun Apr 11 20:09:55 EDT 2021
# Player 1: Player-0, 'MonteCarloPlayer', running on localhost
# Player 2: Player-1, 'AlphaBetaPlayer', running on localhost
START Player-0 MonteCarloPlayer
START Player-1 AlphaBetaPlayer
0 0 0 0 0
0 0 0 0 1
0 0 0 0 0
0 0 0 0 1
0 1 2 1 0
0 3 0 0 1
0 1 1 0 0
0 3 0 0 1
0 1 0 1 0
0 4 0 0 1
1 1 1 0 0
0 3 0 0 1
0 4 0 0 0
0 1 0 0 1
4 2 0 0 0
1 3 0 0 1
2 3 0 1 0
1 4 0 0 1
2 4 0 0 0
3 0 0 0 1
3 1 0 0 0
3 2 0 0 1
3 3 1 0 0
GAMEOVER WINNER 1
# Game ended: Sun Apr 11 20:10:18 EDT 2021
