# Server version 0.08 running on 192.168.2.14:8123
# Game ID: 218
# Board class: pentago_twist.PentagoBoard
# Timeout: 20000
# First Move Timeout: 30000
# Date: Mon Apr 12 10:48:03 EDT 2021
# Player 1: Player-0, 'AlphaBetaPlayer', running on localhost
# Player 2: Player-1, 'MonteCarloPlayer', running on localhost
START Player-0 AlphaBetaPlayer
START Player-1 MonteCarloPlayer
0 0 0 0 0
0 0 2 0 1
0 1 0 0 0
0 0 3 1 1
0 1 0 0 0
0 0 0 1 1
0 1 0 0 0
0 3 2 0 1
0 4 0 0 0
0 5 2 1 1
1 0 0 0 0
1 1 1 0 1
0 3 0 0 0
0 4 0 0 1
1 3 0 0 0
2 4 2 0 1
1 4 0 0 0
3 1 0 0 1
2 3 0 0 0
3 0 0 1 1
3 2 0 0 0
3 3 0 0 1
3 4 0 0 0
3 5 1 0 1
GAMEOVER WINNER 0
# Game ended: Mon Apr 12 10:48:27 EDT 2021
