# Server version 0.08 running on localhost:8123
# Game ID: 81
# Board class: pentago_twist.PentagoBoard
# Timeout: 20000
# First Move Timeout: 30000
# Date: Sun Apr 11 10:39:57 EDT 2021
# Player 1: Player-0, '260844079', running on localhost
# Player 2: Player-1, 'RandomPlayer', running on localhost
START Player-0 260844079
START Player-1 RandomPlayer
0 1 1 0 0
4 4 2 0 1
0 2 1 0 0
1 1 1 0 1
0 0 2 0 0
1 5 1 1 1
0 3 1 1 0
1 4 2 1 1
0 4 1 1 0
GAMEOVER WINNER 0
# Game ended: Sun Apr 11 10:40:05 EDT 2021
