# Server version 0.08 running on localhost:8123
# Game ID: 148
# Board class: pentago_twist.PentagoBoard
# Timeout: 20000
# First Move Timeout: 30000
# Date: Sun Apr 11 15:28:03 EDT 2021
# Player 1: Player-0, 'AlphaBetaPlayer', running on localhost
# Player 2: Player-1, 'MonteCarloPlayer', running on localhost
START Player-0 AlphaBetaPlayer
START Player-1 MonteCarloPlayer
0 0 0 0 0
0 0 0 1 1
0 1 0 0 0
0 0 0 0 1
0 0 0 0 0
0 1 0 0 1
0 3 0 0 0
0 1 0 0 1
0 1 0 0 0
0 4 0 1 1
0 5 0 0 0
1 1 0 0 1
1 3 0 0 0
1 4 0 0 1
1 5 0 0 0
2 4 1 0 1
GAMEOVER WINNER 1
# Game ended: Sun Apr 11 15:28:18 EDT 2021
