# Server version 0.08 running on localhost:8123
# Game ID: 147
# Board class: pentago_twist.PentagoBoard
# Timeout: 20000
# First Move Timeout: 30000
# Date: Sun Apr 11 15:27:36 EDT 2021
# Player 1: Player-0, 'MonteCarloPlayer', running on localhost
# Player 2: Player-1, 'AlphaBetaPlayer', running on localhost
START Player-0 MonteCarloPlayer
START Player-1 AlphaBetaPlayer
0 0 0 0 0
0 0 0 0 1
0 0 0 0 0
0 0 0 0 1
0 5 1 0 0
0 1 0 0 1
0 1 0 0 0
0 1 0 0 1
0 1 0 0 0
0 3 0 0 1
0 4 0 1 0
0 5 0 0 1
1 1 1 0 0
0 3 0 0 1
0 4 1 1 0
1 4 0 0 1
1 5 1 1 0
2 4 0 0 1
3 0 1 0 0
3 1 0 0 1
3 2 1 0 0
3 3 0 0 1
3 4 0 0 0
3 5 0 0 1
4 0 0 1 0
4 1 0 0 1
5 0 0 1 0
GAMEOVER WINNER 0
# Game ended: Sun Apr 11 15:28:02 EDT 2021
